\BOOKMARK [1][-]{section*.2}{List of Figures}{}
\BOOKMARK [1][-]{section*.4}{List of Codes}{}
\BOOKMARK [1][-]{section.1}{Introduction}{}
\BOOKMARK [1][-]{section.2}{Literature Review}{}
\BOOKMARK [2][-]{subsection.2.1}{Key Concepts}{section.2}
\BOOKMARK [3][-]{subsubsection.2.1.1}{Content Provider Class and Implementation}{subsection.2.1}
\BOOKMARK [3][-]{subsubsection.2.1.2}{Auditing File System for Android Specific Data}{subsection.2.1}
\BOOKMARK [3][-]{subsubsection.2.1.3}{Per-row vs Per-column encryption}{subsection.2.1}
\BOOKMARK [2][-]{subsection.2.2}{Current State of Field}{section.2}
\BOOKMARK [2][-]{subsection.2.3}{Research Question and Study Paths}{section.2}
\BOOKMARK [3][-]{subsubsection.2.3.1}{Choice of Model}{subsection.2.3}
\BOOKMARK [3][-]{subsubsection.2.3.2}{Performance Overhead}{subsection.2.3}
\BOOKMARK [3][-]{subsubsection.2.3.3}{Encryption Method and Optimization}{subsection.2.3}
\BOOKMARK [1][-]{section.3}{Progress to Date}{}
\BOOKMARK [2][-]{subsection.3.1}{Sample Contacts Application and Intercepting Queries}{section.3}
\BOOKMARK [2][-]{subsection.3.2}{Query forwarding and Database Synchronization}{section.3}
\BOOKMARK [1][-]{section.4}{Future Work}{}
\BOOKMARK [2][-]{subsection.4.1}{Encrypted Database Entry}{section.4}
\BOOKMARK [2][-]{subsection.4.2}{Possible Studies}{section.4}
\BOOKMARK [2][-]{subsection.4.3}{Schedule}{section.4}
\BOOKMARK [1][-]{section*.8}{References}{}
